Flutter crash report; please file at https://github.com/flutter/flutter/issues.

## command

flutter run -d 91JY17JF4

## exception

ProcessException: ProcessException: Process exited abnormally:
adb: error: listener 'tcp:52735' not found
  Command: /Users/dongtao03/Library/Android/sdk/platform-tools/adb -s 91JY17JF4 forward --remove tcp:52735

```
#0      RunResult.throwException (package:flutter_tools/src/base/process.dart:172:5)
#1      _DefaultProcessUtils.run (package:flutter_tools/src/base/process.dart:322:19)
<asynchronous suspension>
#2      _AndroidDevicePortForwarder.unforward (package:flutter_tools/src/android/android_device.dart:1198:24)
#3      _AndroidDevicePortForwarder.dispose (package:flutter_tools/src/android/android_device.dart:1207:13)
#4      AndroidDevice.dispose (package:flutter_tools/src/android/android_device.dart:743:27)
#5      HotRunner.cleanupAtFinish (package:flutter_tools/src/run_hot.dart:1143:34)
#6      ResidentRunner.waitForAppToFinish (package:flutter_tools/src/resident_runner.dart:1017:11)
<asynchronous suspension>
#7      HotRunner.attach (package:flutter_tools/src/run_hot.dart:321:22)
#8      _rootRunUnary (dart:async/zone.dart:1192:38)
#9      _CustomZone.runUnary (dart:async/zone.dart:1085:19)
#10     _FutureListener.handleValue (dart:async/future_impl.dart:141:18)
#11     Future._propagateToListeners.handleValueCallback (dart:async/future_impl.dart:682:45)
#12     Future._propagateToListeners (dart:async/future_impl.dart:711:32)
#13     Future._completeWithValue (dart:async/future_impl.dart:526:5)
#14     _AsyncAwaitCompleter.complete (dart:async-patch/async_patch.dart:36:15)
#15     _completeOnAsyncReturn (dart:async-patch/async_patch.dart:298:13)
#16     ResidentRunner.refreshViews (package:flutter_tools/src/resident_runner.dart)
#17     _rootRunUnary (dart:async/zone.dart:1192:38)
#18     _CustomZone.runUnary (dart:async/zone.dart:1085:19)
#19     _FutureListener.handleValue (dart:async/future_impl.dart:141:18)
#20     Future._propagateToListeners.handleValueCallback (dart:async/future_impl.dart:682:45)
#21     Future._propagateToListeners (dart:async/future_impl.dart:711:32)
#22     Future._completeWithValue (dart:async/future_impl.dart:526:5)
#23     Future.wait.<anonymous closure> (dart:async/future.dart:402:22)
#24     _rootRunUnary (dart:async/zone.dart:1192:38)
#25     _CustomZone.runUnary (dart:async/zone.dart:1085:19)
#26     _FutureListener.handleValue (dart:async/future_impl.dart:141:18)
#27     Future._propagateToListeners.handleValueCallback (dart:async/future_impl.dart:682:45)
#28     Future._propagateToListeners (dart:async/future_impl.dart:711:32)
#29     Future._completeWithValue (dart:async/future_impl.dart:526:5)
#30     _AsyncAwaitCompleter.complete (dart:async-patch/async_patch.dart:36:15)
#31     _completeOnAsyncReturn (dart:async-patch/async_patch.dart:298:13)
#32     FlutterDevice.refreshViews (package:flutter_tools/src/resident_runner.dart)
#33     _rootRunUnary (dart:async/zone.dart:1192:38)
#34     _CustomZone.runUnary (dart:async/zone.dart:1085:19)
#35     _FutureListener.handleValue (dart:async/future_impl.dart:141:18)
#36     Future._propagateToListeners.handleValueCallback (dart:async/future_impl.dart:682:45)
#37     Future._propagateToListeners (dart:async/future_impl.dart:711:32)
#38     Future._completeWithValue (dart:async/future_impl.dart:526:5)
#39     _AsyncAwaitCompleter.complete (dart:async-patch/async_patch.dart:36:15)
#40     _completeOnAsyncReturn (dart:async-patch/async_patch.dart:298:13)
#41     VM.refreshViews (package:flutter_tools/src/vmservice.dart)
#42     _rootRunUnary (dart:async/zone.dart:1192:38)
#43     _CustomZone.runUnary (dart:async/zone.dart:1085:19)
#44     _FutureListener.handleValue (dart:async/future_impl.dart:141:18)
#45     Future._propagateToListeners.handleValueCallback (dart:async/future_impl.dart:682:45)
#46     Future._propagateToListeners (dart:async/future_impl.dart:711:32)
#47     Future._completeWithValue (dart:async/future_impl.dart:526:5)
#48     _AsyncAwaitCompleter.complete (dart:async-patch/async_patch.dart:36:15)
#49     _completeOnAsyncReturn (dart:async-patch/async_patch.dart:298:13)
#50     VM.invokeRpc (package:flutter_tools/src/vmservice.dart)
#51     _rootRunUnary (dart:async/zone.dart:1192:38)
#52     _CustomZone.runUnary (dart:async/zone.dart:1085:19)
#53     _FutureListener.handleValue (dart:async/future_impl.dart:141:18)
#54     Future._propagateToListeners.handleValueCallback (dart:async/future_impl.dart:682:45)
#55     Future._propagateToListeners (dart:async/future_impl.dart:711:32)
#56     Future._completeWithValue (dart:async/future_impl.dart:526:5)
#57     _AsyncAwaitCompleter.complete (dart:async-patch/async_patch.dart:36:15)
#58     _completeOnAsyncReturn (dart:async-patch/async_patch.dart:298:13)
#59     VM.invokeRpcRaw (package:flutter_tools/src/vmservice.dart)
#60     _rootRunUnary (dart:async/zone.dart:1192:38)
#61     _CustomZone.runUnary (dart:async/zone.dart:1085:19)
#62     _FutureListener.handleValue (dart:async/future_impl.dart:141:18)
#63     Future._propagateToListeners.handleValueCallback (dart:async/future_impl.dart:682:45)
#64     Future._propagateToListeners (dart:async/future_impl.dart:711:32)
#65     Future._complete (dart:async/future_impl.dart:516:7)
#66     _SyncCompleter.complete (dart:async/future_impl.dart:54:12)
#67     Future.any.<anonymous closure> (dart:async/future.dart:461:45)
#68     _rootRunUnary (dart:async/zone.dart:1192:38)
#69     _CustomZone.runUnary (dart:async/zone.dart:1085:19)
#70     _FutureListener.handleValue (dart:async/future_impl.dart:141:18)
#71     Future._propagateToListeners.handleValueCallback (dart:async/future_impl.dart:682:45)
#72     Future._propagateToListeners (dart:async/future_impl.dart:711:32)
#73     Future._complete (dart:async/future_impl.dart:516:7)
#74     _SyncCompleter.complete (dart:async/future_impl.dart:54:12)
#75     Client._handleSingleResponse (package:json_rpc_2/src/client.dart:189:25)
#76     Client._handleResponse (package:json_rpc_2/src/client.dart:179:7)
#77     _rootRunUnary (dart:async/zone.dart:1192:38)
#78     _CustomZone.runUnary (dart:async/zone.dart:1085:19)
#79     _CustomZone.runUnaryGuarded (dart:async/zone.dart:987:7)
#80     _BufferingStreamSubscription._sendData (dart:async/stream_impl.dart:339:11)
#81     _BufferingStreamSubscription._add (dart:async/stream_impl.dart:266:7)
#82     _SyncStreamControllerDispatch._sendData (dart:async/stream_controller.dart:779:19)
#83     _StreamController._add (dart:async/stream_controller.dart:655:7)
#84     _StreamController.add (dart:async/stream_controller.dart:597:5)
#85     Peer.listen.<anonymous closure> (package:json_rpc_2/src/peer.dart:102:36)
#86     _rootRunUnary (dart:async/zone.dart:1192:38)
#87     _CustomZone.runUnary (dart:async/zone.dart:1085:19)
#88     _CustomZone.runUnaryGuarded (dart:async/zone.dart:987:7)
#89     _BufferingStreamSubscription._sendData (dart:async/stream_impl.dart:339:11)
#90     _BufferingStreamSubscription._add (dart:async/stream_impl.dart:266:7)
#91     _ForwardingStreamSubscription._add (dart:async/stream_pipe.dart:134:11)
#92     _MapStream._handleData (dart:async/stream_pipe.dart:234:10)
#93     _ForwardingStreamSubscription._handleData (dart:async/stream_pipe.dart:166:13)
#94     _rootRunUnary (dart:async/zone.dart:1192:38)
#95     _CustomZone.runUnary (dart:async/zone.dart:1085:19)
#96     _CustomZone.runUnaryGuarded (dart:async/zone.dart:987:7)
#97     CastStreamSubscription._onData (dart:_internal/async_cast.dart:83:11)
#98     _rootRunUnary (dart:async/zone.dart:1192:38)
#99     _CustomZone.runUnary (dart:async/zone.dart:1085:19)
#100    _CustomZone.runUnaryGuarded (dart:async/zone.dart:987:7)
#101    _BufferingStreamSubscription._sendData (dart:async/stream_impl.dart:339:11)
#102    _BufferingStreamSubscription._add (dart:async/stream_impl.dart:266:7)
#103    _ForwardingStreamSubscription._add (dart:async/stream_pipe.dart:134:11)
#104    _ForwardingStream._handleData (dart:async/stream_pipe.dart:100:10)
#105    _ForwardingStreamSubscription._handleData (dart:async/stream_pipe.dart:166:13)
#106    _rootRunUnary (dart:async/zone.dart:1192:38)
#107    _CustomZone.runUnary (dart:async/zone.dart:1085:19)
#108    _CustomZone.runUnaryGuarded (dart:async/zone.dart:987:7)
#109    _BufferingStreamSubscription._sendData (dart:async/stream_impl.dart:339:11)
#110    _BufferingStreamSubscription._add (dart:async/stream_impl.dart:266:7)
#111    _SyncStreamControllerDispatch._sendData (dart:async/stream_controller.dart:779:19)
#112    _StreamController._add (dart:async/stream_controller.dart:655:7)
#113    _StreamController.add (dart:async/stream_controller.dart:597:5)
#114    new _WebSocketImpl._fromSocket.<anonymous closure> (dart:_http/websocket_impl.dart:1146:21)
#115    _rootRunUnary (dart:async/zone.dart:1192:38)
#116    _CustomZone.runUnary (dart:async/zone.dart:1085:19)
#117    _CustomZone.runUnaryGuarded (dart:async/zone.dart:987:7)
#118    _BufferingStreamSubscription._sendData (dart:async/stream_impl.dart:339:11)
#119    _BufferingStreamSubscription._add (dart:async/stream_impl.dart:266:7)
#120    _SinkTransformerStreamSubscription._add (dart:async/stream_transformers.dart:70:11)
#121    _EventSinkWrapper.add (dart:async/stream_transformers.dart:17:11)
#122    _WebSocketProtocolTransformer._messageFrameEnd (dart:_http/websocket_impl.dart:338:22)
#123    _WebSocketProtocolTransformer.add (dart:_http/websocket_impl.dart:233:46)
#124    _SinkTransformerStreamSubscription._handleData (dart:async/stream_transformers.dart:122:24)
#125    _rootRunUnary (dart:async/zone.dart:1192:38)
#126    _CustomZone.runUnary (dart:async/zone.dart:1085:19)
#127    _CustomZone.runUnaryGuarded (dart:async/zone.dart:987:7)
#128    _BufferingStreamSubscription._sendData (dart:async/stream_impl.dart:339:11)
#129    _BufferingStreamSubscription._add (dart:async/stream_impl.dart:266:7)
#130    _SyncStreamControllerDispatch._sendData (dart:async/stream_controller.dart:779:19)
#131    _StreamController._add (dart:async/stream_controller.dart:655:7)
#132    _StreamController.add (dart:async/stream_controller.dart:597:5)
#133    _Socket._onData (dart:io-patch/socket_patch.dart:1982:41)
#134    _rootRunUnary (dart:async/zone.dart:1196:13)
#135    _CustomZone.runUnary (dart:async/zone.dart:1085:19)
#136    _CustomZone.runUnaryGuarded (dart:async/zone.dart:987:7)
#137    _BufferingStreamSubscription._sendData (dart:async/stream_impl.dart:339:11)
#138    _BufferingStreamSubscription._add (dart:async/stream_impl.dart:266:7)
#139    _SyncStreamControllerDispatch._sendData (dart:async/stream_controller.dart:779:19)
#140    _StreamController._add (dart:async/stream_controller.dart:655:7)
#141    _StreamController.add (dart:async/stream_controller.dart:597:5)
#142    new _RawSocket.<anonymous closure> (dart:io-patch/socket_patch.dart:1527:33)
#143    _NativeSocket.issueReadEvent.issue (dart:io-patch/socket_patch.dart:1019:14)
#144    _microtaskLoop (dart:async/schedule_microtask.dart:43:21)
#145    _startMicrotaskLoop (dart:async/schedule_microtask.dart:52:5)
#146    _runPendingImmediateCallback (dart:isolate-patch/isolate_patch.dart:118:13)
#147    _RawReceivePortImpl._handleMessage (dart:isolate-patch/isolate_patch.dart:169:5)
```

## flutter doctor

```
[✓] Flutter (Channel stable, v1.17.0, on Mac OS X 10.15.1 19B88, locale zh-Hans-CN)
    • Flutter version 1.17.0 at /Users/dongtao03/sourcecode/flutter
    • Framework revision e6b34c2b5c (3 months ago), 2020-05-02 11:39:18 -0700
    • Engine revision 540786dd51
    • Dart version 2.8.1

[✓] Android toolchain - develop for Android devices (Android SDK version 29.0.2)
    • Android SDK at /Users/dongtao03/Library/Android/sdk
    • Platform android-29, build-tools 29.0.2
    • ANDROID_HOME = /Users/dongtao03/Library/Android/sdk
    • Java binary at: /Applications/Android Studio.app/Contents/jre/jdk/Contents/Home/bin/java
    • Java version OpenJDK Runtime Environment (build 1.8.0_212-release-1586-b4-5784211)
    • All Android licenses accepted.

[✓] Xcode - develop for iOS and macOS (Xcode 11.3.1)
    • Xcode at /Applications/Xcode.app/Contents/Developer
    • Xcode 11.3.1, Build version 11C504
    • CocoaPods version 1.10.0.beta.1

[✓] Android Studio (version 3.6)
    • Android Studio at /Applications/Android Studio.app/Contents
    • Flutter plugin version 45.1.1
    • Dart plugin version 192.7761
    • Java version OpenJDK Runtime Environment (build 1.8.0_212-release-1586-b4-5784211)

[!] IntelliJ IDEA Community Edition (version 2019.2.3)
    • IntelliJ at /Applications/IntelliJ IDEA CE.app
    ✗ Flutter plugin not installed; this adds Flutter specific functionality.
    ✗ Dart plugin not installed; this adds Dart specific functionality.
    • For information about installing plugins, see
      https://flutter.dev/intellij-setup/#installing-the-plugins

[✓] VS Code (version 1.47.2)
    • VS Code at /Applications/Visual Studio Code.app/Contents
    • Flutter extension version 3.12.2

[✓] Connected device (1 available)
    • Pixel 3 XL • 91JY17JF4 • android-arm64 • Android 10 (API 29)

! Doctor found issues in 1 category.
```
