Flutter crash report; please file at https://github.com/flutter/flutter/issues.

## command

flutter pub get

## exception

YamlException: Error on line 4, column 1: Expected ':'.
  ╷
4 │ version: 1.0.0
  │ ^
  ╵

```
#0      Scanner._staleSimpleKeys (package:yaml/src/scanner.dart:491:9)
#1      Scanner._fetchMoreTokens (package:yaml/src/scanner.dart:325:9)
#2      Scanner.peek (package:yaml/src/scanner.dart:317:27)
#3      Parser._parseBlockMappingKey (package:yaml/src/parser.dart:411:26)
#4      Parser._stateMachine (package:yaml/src/parser.dart:86:16)
#5      Parser.parse (package:yaml/src/parser.dart:47:19)
#6      Loader._loadMapping (package:yaml/src/loader.dart:169:23)
#7      Loader._loadNode (package:yaml/src/loader.dart:86:16)
#8      Loader._loadDocument (package:yaml/src/loader.dart:62:20)
#9      Loader.load (package:yaml/src/loader.dart:54:20)
#10     loadYamlDocument (package:yaml/yaml.dart:51:25)
#11     loadYamlNode (package:yaml/yaml.dart:42:5)
#12     loadYaml (package:yaml/yaml.dart:34:5)
#13     _pluginFromPackage (package:flutter_tools/src/plugins.dart:282:27)
#14     findPlugins.<anonymous closure> (package:flutter_tools/src/plugins.dart:316:27)
#15     _LinkedHashMapMixin.forEach (dart:collection-patch/compact_hash.dart:379:8)
#16     findPlugins (package:flutter_tools/src/plugins.dart:314:12)
#17     refreshPluginsList (package:flutter_tools/src/plugins.dart:1050:32)
#18     FlutterProject.ensureReadyForPlatformSpecificTooling (package:flutter_tools/src/project.dart:210:5)
#19     PackagesGetCommand.runCommand (package:flutter_tools/src/commands/packages.dart:134:28)
<asynchronous suspension>
#20     FlutterCommand.verifyThenRunCommand (package:flutter_tools/src/runner/flutter_command.dart:722:18)
#21     _rootRunUnary (dart:async/zone.dart:1192:38)
#22     _CustomZone.runUnary (dart:async/zone.dart:1085:19)
#23     _FutureListener.handleValue (dart:async/future_impl.dart:141:18)
#24     Future._propagateToListeners.handleValueCallback (dart:async/future_impl.dart:682:45)
#25     Future._propagateToListeners (dart:async/future_impl.dart:711:32)
#26     Future._completeWithValue (dart:async/future_impl.dart:526:5)
#27     Future._asyncComplete.<anonymous closure> (dart:async/future_impl.dart:556:7)
#28     _rootRun (dart:async/zone.dart:1184:13)
#29     _CustomZone.run (dart:async/zone.dart:1077:19)
#30     _CustomZone.runGuarded (dart:async/zone.dart:979:7)
#31     _CustomZone.bindCallbackGuarded.<anonymous closure> (dart:async/zone.dart:1019:23)
#32     _microtaskLoop (dart:async/schedule_microtask.dart:43:21)
#33     _startMicrotaskLoop (dart:async/schedule_microtask.dart:52:5)
#34     _runPendingImmediateCallback (dart:isolate-patch/isolate_patch.dart:118:13)
#35     _RawReceivePortImpl._handleMessage (dart:isolate-patch/isolate_patch.dart:169:5)
```

## flutter doctor

```
[✓] Flutter (Channel stable, v1.17.0, on Mac OS X 10.15.1 19B88, locale zh-Hans-CN)
    • Flutter version 1.17.0 at /Users/dongtao03/sourcecode/flutter
    • Framework revision e6b34c2b5c (3 months ago), 2020-05-02 11:39:18 -0700
    • Engine revision 540786dd51
    • Dart version 2.8.1

[✓] Android toolchain - develop for Android devices (Android SDK version 29.0.2)
    • Android SDK at /Users/dongtao03/Library/Android/sdk
    • Platform android-29, build-tools 29.0.2
    • ANDROID_HOME = /Users/dongtao03/Library/Android/sdk
    • Java binary at: /Applications/Android Studio.app/Contents/jre/jdk/Contents/Home/bin/java
    • Java version OpenJDK Runtime Environment (build 1.8.0_212-release-1586-b4-5784211)
    • All Android licenses accepted.

[✓] Xcode - develop for iOS and macOS (Xcode 11.3.1)
    • Xcode at /Applications/Xcode.app/Contents/Developer
    • Xcode 11.3.1, Build version 11C504
    • CocoaPods version 1.10.0.beta.1

[✓] Android Studio (version 3.6)
    • Android Studio at /Applications/Android Studio.app/Contents
    • Flutter plugin version 45.1.1
    • Dart plugin version 192.7761
    • Java version OpenJDK Runtime Environment (build 1.8.0_212-release-1586-b4-5784211)

[!] IntelliJ IDEA Community Edition (version 2019.2.3)
    • IntelliJ at /Applications/IntelliJ IDEA CE.app
    ✗ Flutter plugin not installed; this adds Flutter specific functionality.
    ✗ Dart plugin not installed; this adds Dart specific functionality.
    • For information about installing plugins, see
      https://flutter.dev/intellij-setup/#installing-the-plugins

[✓] VS Code (version 1.47.2)
    • VS Code at /Applications/Visual Studio Code.app/Contents
    • Flutter extension version 3.12.2

[✓] Connected device (1 available)
    • Pixel 3 XL • 91JY17JF4 • android-arm64 • Android 10 (API 29)

! Doctor found issues in 1 category.
```
